<?xml version="1.0" encoding="UTF-8"?>
<!-- Generated by org.testng.reporters.JUnitXMLReporter -->
<testsuite ignored="4" hostname="adarsh-lapc" failures="0" tests="1" name="Default test" time="34.468" errors="0" timestamp="2021-02-28T20:03:45 IST">
  <testcase classname="com.qa.trakpilf.tests.SearchResultsPageTest" name="validateMultipleFilters" time="7.856"/>
  <testcase classname="com.qa.trakpilf.tests.SearchResultsPageTest" name="validateClearFilter" time="0.0">
    <ignored/>
  </testcase> <!-- validateClearFilter -->
  <testcase classname="com.qa.trakpilf.tests.SearchResultsPageTest" name="validateSelectBrandFilter" time="0.0">
    <ignored/>
  </testcase> <!-- validateSelectBrandFilter -->
  <testcase classname="com.qa.trakpilf.tests.SearchResultsPageTest" name="validateSetRAMFilter" time="0.0">
    <ignored/>
  </testcase> <!-- validateSetRAMFilter -->
  <testcase classname="com.qa.trakpilf.tests.SearchResultsPageTest" name="validatePageTitle" time="0.0">
    <ignored/>
  </testcase> <!-- validatePageTitle -->
</testsuite> <!-- Default test -->
