<?xml version="1.0" encoding="UTF-8"?>
<testng-results ignored="4" total="5" passed="1" failed="0" skipped="0">
  <reporter-output>
  </reporter-output>
  <suite started-at="2021-02-28T20:03:11 IST" name="Default suite" finished-at="2021-02-28T20:03:45 IST" duration-ms="34468">
    <groups>
    </groups>
    <test started-at="2021-02-28T20:03:11 IST" name="Default test" finished-at="2021-02-28T20:03:45 IST" duration-ms="34468">
      <class name="com.qa.trakpilf.tests.SearchResultsPageTest">
        <test-method is-config="true" signature="setUp()[pri:0, instance:com.qa.trakpilf.tests.SearchResultsPageTest@25084a1e]" started-at="2021-02-28T20:03:11 IST" name="setUp" finished-at="2021-02-28T20:03:36 IST" duration-ms="25948" status="PASS">
          <reporter-output>
          </reporter-output>
        </test-method> <!-- setUp -->
        <test-method is-config="true" signature="searchPageSetUp()[pri:0, instance:com.qa.trakpilf.tests.SearchResultsPageTest@25084a1e]" started-at="2021-02-28T20:03:36 IST" name="searchPageSetUp" finished-at="2021-02-28T20:03:37 IST" depends-on-methods="com.qa.trakpilf.tests.BaseTest.setUp" duration-ms="578" status="PASS">
          <reporter-output>
          </reporter-output>
        </test-method> <!-- searchPageSetUp -->
        <test-method signature="validateMultipleFilters()[pri:0, instance:com.qa.trakpilf.tests.SearchResultsPageTest@25084a1e]" started-at="2021-02-28T20:03:37 IST" name="validateMultipleFilters" finished-at="2021-02-28T20:03:45 IST" duration-ms="7856" status="PASS">
          <reporter-output>
          </reporter-output>
        </test-method> <!-- validateMultipleFilters -->
        <test-method is-config="true" signature="tearDown()[pri:0, instance:com.qa.trakpilf.tests.SearchResultsPageTest@25084a1e]" started-at="2021-02-28T20:03:45 IST" name="tearDown" finished-at="2021-02-28T20:03:45 IST" duration-ms="1" status="PASS">
          <reporter-output>
          </reporter-output>
        </test-method> <!-- tearDown -->
      </class> <!-- com.qa.trakpilf.tests.SearchResultsPageTest -->
    </test> <!-- Default test -->
  </suite> <!-- Default suite -->
</testng-results>
